<?xml version="1.0" encoding="UTF-8"?>
<!-- Generated by org.testng.reporters.JUnitReportReporter -->
<testsuite hostname="DESKTOP-HIN4ESK" failures="0" tests="1" name="Testcase_4.TC_4" time="3.528" errors="0" timestamp="2024-08-19T16:27:18 IST" skipped="0">
  <testcase classname="Testcase_4.TC_4" name="f" time="3.528"/>
</testsuite> <!-- Testcase_4.TC_4 -->
