<?xml version="1.0" encoding="UTF-8"?>
<!-- Generated by org.testng.reporters.JUnitReportReporter -->
<testsuite hostname="DESKTOP-HIN4ESK" failures="0" tests="1" name="TestCase_2.TC_2" time="0.025" errors="0" timestamp="2024-08-19T12:58:53 IST" skipped="0">
  <testcase classname="TestCase_2.TC_2" name="f" time="0.025"/>
</testsuite> <!-- TestCase_2.TC_2 -->
