<?xml version="1.0" encoding="UTF-8"?>
<!-- Generated by org.testng.reporters.JUnitReportReporter -->
<testsuite hostname="DESKTOP-HIN4ESK" failures="0" tests="1" name="Testcase_3.TC_3" time="1.791" errors="0" timestamp="2024-08-19T13:44:31 IST" skipped="0">
  <testcase classname="Testcase_3.TC_3" name="f" time="1.791"/>
</testsuite> <!-- Testcase_3.TC_3 -->
