<?xml version="1.0" encoding="UTF-8"?>
<!-- Generated by org.testng.reporters.JUnitReportReporter -->
<testsuite hostname="DESKTOP-HIN4ESK" failures="0" tests="2" name="Testcase1.TC_1" time="1.376" errors="0" timestamp="2024-08-19T12:54:37 IST" skipped="0">
  <testcase classname="Testcase1.TC_1" name="f" time="0.296"/>
  <testcase classname="Testcase1.TC_1" name="beforecls" time="1.080"/>
</testsuite> <!-- Testcase1.TC_1 -->
